2015-08-10 14:49:12,128 INFO 词与序号对应关系已保存到./data/tmp/wordidmap.dat
2015-08-10 14:50:15,868 INFO 词与序号对应关系已保存到./data/tmp/wordidmap.dat
2015-08-10 14:50:49,989 INFO 词与序号对应关系已保存到./data/tmp/wordidmap.dat
2015-08-10 14:51:22,448 INFO 词与序号对应关系已保存到./data/tmp/wordidmap.dat
2015-08-10 14:51:51,328 INFO 词与序号对应关系已保存到./data/tmp/wordidmap.dat
2015-08-10 14:53:01,928 DEBUG 载入数据......
2015-08-10 14:53:01,938 INFO 词与序号对应关系已保存到./data/tmp/wordidmap.dat
2015-08-10 14:53:36,469 DEBUG 载入数据......
2015-08-10 14:53:36,469 INFO 词与序号对应关系已保存到./data/tmp/wordidmap.dat
2015-08-10 14:55:39,709 DEBUG 载入数据......
2015-08-10 14:55:39,709 INFO 词与序号对应关系已保存到./data/tmp/wordidmap.dat
2015-08-10 14:55:39,828 DEBUG 保存模型
2015-08-10 14:55:39,828 INFO 文章-主题分布已保存到./data/tmp/model_theta.txt
2015-08-10 14:55:39,828 INFO 词-主题分布已保存到./data/tmp/model_phi.txt
2015-08-10 14:55:39,828 INFO 参数设置已保存到./data/tmp/model_parameter.txt
2015-08-10 14:55:39,838 INFO 主题topN词已保存到./data/tmp/model_twodrs.txt
2015-08-10 14:55:39,848 INFO 文章-词-主题分派结果已保存到./data/tmp/model_tassign.txt
2015-08-10 14:56:55,138 DEBUG 载入数据......
2015-08-10 14:56:55,138 INFO 词与序号对应关系已保存到./data/tmp/wordidmap.dat
2015-08-10 14:56:55,269 DEBUG 保存模型
2015-08-10 14:56:55,269 INFO 文章-主题分布已保存到./data/tmp/model_theta.txt
2015-08-10 14:56:55,269 INFO 词-主题分布已保存到./data/tmp/model_phi.txt
2015-08-10 14:56:55,269 INFO 参数设置已保存到./data/tmp/model_parameter.txt
2015-08-10 14:56:55,269 INFO 主题topN词已保存到./data/tmp/model_twodrs.txt
2015-08-10 14:56:55,279 INFO 文章-词-主题分派结果已保存到./data/tmp/model_tassign.txt
2015-08-10 14:56:55,279 INFO 模型训练完成。
2015-08-10 15:07:21,641 DEBUG 载入数据......
2015-08-10 15:07:21,651 INFO 词与序号对应关系已保存到./data/tmp/wordidmap.dat
2015-08-10 15:07:21,780 DEBUG 保存模型
2015-08-10 15:07:21,780 INFO 文章-主题分布已保存到./data/tmp/model_theta.txt
2015-08-10 15:07:21,780 INFO 词-主题分布已保存到./data/tmp/model_phi.txt
2015-08-10 15:07:21,780 INFO 参数设置已保存到./data/tmp/model_parameter.txt
2015-08-10 15:07:21,780 INFO 主题topN词已保存到./data/tmp/model_twodrs.txt
2015-08-10 15:07:21,790 INFO 文章-词-主题分派结果已保存到./data/tmp/model_tassign.txt
2015-08-10 15:07:21,801 INFO 模型训练完成。
2015-08-10 15:08:25,440 DEBUG 载入数据......
2015-08-10 15:08:25,450 INFO 词与序号对应关系已保存到./data/tmp/wordidmap.dat
2015-08-10 15:08:25,581 DEBUG 保存模型
2015-08-10 15:08:25,581 INFO 文章-主题分布已保存到./data/tmp/model_theta.dat
2015-08-10 15:08:25,581 INFO 词-主题分布已保存到./data/tmp/model_phi.dat
2015-08-10 15:08:25,581 INFO 参数设置已保存到./data/tmp/model_parameter.dat
2015-08-10 15:08:25,581 INFO 主题topN词已保存到./data/tmp/model_twodrs.dat
2015-08-10 15:08:25,591 INFO 文章-词-主题分派结果已保存到./data/tmp/model_tassign.dat
2015-08-10 15:08:25,601 INFO 模型训练完成。
2015-08-10 15:08:49,510 DEBUG 载入数据......
2015-08-10 15:08:49,510 INFO 词与序号对应关系已保存到./data/tmp/wordidmap.dat
2015-08-10 15:08:49,730 DEBUG 保存模型
2015-08-10 15:08:49,730 INFO 文章-主题分布已保存到./data/tmp/model_theta.dat
2015-08-10 15:08:49,730 INFO 词-主题分布已保存到./data/tmp/model_phi.dat
2015-08-10 15:08:49,730 INFO 参数设置已保存到./data/tmp/model_parameter.dat
2015-08-10 15:08:49,730 INFO 主题topN词已保存到./data/tmp/model_twodrs.dat
2015-08-10 15:08:49,740 INFO 文章-词-主题分派结果已保存到./data/tmp/model_tassign.dat
2015-08-10 15:08:49,740 INFO 模型训练完成。
2015-08-10 15:09:18,290 DEBUG 载入数据......
2015-08-10 15:09:18,301 INFO 词与序号对应关系已保存到./data/tmp/wordidmap.dat
2015-08-10 15:09:20,381 DEBUG 保存模型
2015-08-10 15:09:20,381 INFO 文章-主题分布已保存到./data/tmp/model_theta.dat
2015-08-10 15:09:20,381 INFO 词-主题分布已保存到./data/tmp/model_phi.dat
2015-08-10 15:09:20,381 INFO 参数设置已保存到./data/tmp/model_parameter.dat
2015-08-10 15:09:20,381 INFO 主题topN词已保存到./data/tmp/model_twodrs.dat
2015-08-10 15:09:20,391 INFO 文章-词-主题分派结果已保存到./data/tmp/model_tassign.dat
2015-08-10 15:09:20,391 INFO 模型训练完成。
2015-08-10 15:10:21,171 DEBUG 载入数据......
2015-08-10 15:10:21,171 INFO 词与序号对应关系已保存到./data/tmp/wordidmap.dat
2015-08-10 15:10:21,401 DEBUG 保存模型
2015-08-10 15:10:21,401 INFO 文章-主题分布已保存到./data/tmp/model_theta.dat
2015-08-10 15:10:21,411 INFO 词-主题分布已保存到./data/tmp/model_phi.dat
2015-08-10 15:10:21,411 INFO 参数设置已保存到./data/tmp/model_parameter.dat
2015-08-10 15:10:21,411 INFO 主题topN词已保存到./data/tmp/model_twodrs.dat
2015-08-10 15:10:21,421 INFO 文章-词-主题分派结果已保存到./data/tmp/model_tassign.dat
2015-08-10 15:10:21,421 INFO 模型训练完成。
2015-08-10 15:10:45,321 DEBUG 载入数据......
2015-08-10 15:10:45,321 INFO 词与序号对应关系已保存到./data/tmp/wordidmap.dat
2015-08-10 15:10:45,540 DEBUG 保存模型
2015-08-10 15:10:45,540 INFO 文章-主题分布已保存到./data/tmp/model_theta.dat
2015-08-10 15:10:45,540 INFO 词-主题分布已保存到./data/tmp/model_phi.dat
2015-08-10 15:10:45,540 INFO 参数设置已保存到./data/tmp/model_parameter.dat
2015-08-10 15:10:45,540 INFO 主题topN词已保存到./data/tmp/model_twodrs.dat
2015-08-10 15:10:45,551 INFO 文章-词-主题分派结果已保存到./data/tmp/model_tassign.dat
2015-08-10 15:10:45,551 INFO 模型训练完成。
2015-08-10 15:11:52,322 DEBUG 载入数据......
2015-08-10 15:11:52,322 INFO 词与序号对应关系已保存到./data/tmp/wordidmap.dat
2015-08-10 15:11:52,562 DEBUG 保存模型
2015-08-10 15:11:52,562 INFO 文章-主题分布已保存到./data/tmp/model_theta.dat
2015-08-10 15:11:52,562 INFO 词-主题分布已保存到./data/tmp/model_phi.dat
2015-08-10 15:11:52,572 INFO 参数设置已保存到./data/tmp/model_parameter.dat
2015-08-10 15:11:52,572 INFO 主题topN词已保存到./data/tmp/model_twodrs.dat
2015-08-10 15:11:52,572 INFO 文章-词-主题分派结果已保存到./data/tmp/model_tassign.dat
2015-08-10 15:11:52,582 INFO 模型训练完成。
2015-08-10 15:12:06,282 DEBUG 载入数据......
2015-08-10 15:12:06,292 INFO 词与序号对应关系已保存到./data/tmp/wordidmap.dat
2015-08-10 15:12:06,512 DEBUG 保存模型
2015-08-10 15:12:06,512 INFO 文章-主题分布已保存到./data/tmp/model_theta.dat
2015-08-10 15:12:06,512 INFO 词-主题分布已保存到./data/tmp/model_phi.dat
2015-08-10 15:12:06,512 INFO 参数设置已保存到./data/tmp/model_parameter.dat
2015-08-10 15:12:06,512 INFO 主题topN词已保存到./data/tmp/model_twodrs.dat
2015-08-10 15:12:06,522 INFO 文章-词-主题分派结果已保存到./data/tmp/model_tassign.dat
2015-08-10 15:12:06,522 INFO 模型训练完成。
2015-08-10 15:23:10,332 DEBUG 载入数据......
2015-08-10 15:23:10,332 INFO 词与序号对应关系已保存到./data/tmp/wordidmap.dat
2015-08-10 15:23:11,022 DEBUG 保存模型
2015-08-10 15:23:11,022 INFO 文章-主题分布已保存到./data/tmp/model_theta.dat
2015-08-10 15:23:11,022 INFO 词-主题分布已保存到./data/tmp/model_phi.dat
2015-08-10 15:23:11,022 INFO 参数设置已保存到./data/tmp/model_parameter.dat
2015-08-10 15:23:11,032 INFO 主题topN词已保存到./data/tmp/model_twodrs.dat
2015-08-10 15:23:11,052 INFO 文章-词-主题分派结果已保存到./data/tmp/model_tassign.dat
2015-08-10 15:23:11,062 INFO 模型训练完成。
2015-08-10 15:25:10,532 DEBUG 载入数据......
2015-08-10 15:25:10,532 INFO 词与序号对应关系已保存到./data/tmp/wordidmap.dat
2015-08-10 15:25:11,223 DEBUG 保存模型
2015-08-10 15:25:11,223 INFO 文章-主题分布已保存到./data/tmp/model_theta.dat
2015-08-10 15:25:11,223 INFO 词-主题分布已保存到./data/tmp/model_phi.dat
2015-08-10 15:25:11,233 INFO 参数设置已保存到./data/tmp/model_parameter.dat
2015-08-10 15:25:11,233 INFO 主题topN词已保存到./data/tmp/model_twodrs.dat
2015-08-10 15:25:11,263 INFO 文章-词-主题分派结果已保存到./data/tmp/model_tassign.dat
2015-08-10 15:25:11,263 INFO 模型训练完成。
2015-08-10 15:28:21,253 DEBUG 载入数据......
2015-08-10 15:28:21,253 INFO 词与序号对应关系已保存到./data/tmp/wordidmap.dat
2015-08-10 15:28:21,882 DEBUG 保存模型
2015-08-10 15:28:21,882 INFO 文章-主题分布已保存到./data/tmp/model_theta.dat
2015-08-10 15:28:21,882 INFO 词-主题分布已保存到./data/tmp/model_phi.dat
2015-08-10 15:28:21,882 INFO 参数设置已保存到./data/tmp/model_parameter.dat
2015-08-10 15:28:21,882 INFO 主题topN词已保存到./data/tmp/model_twodrs.dat
2015-08-10 15:28:21,913 INFO 文章-词-主题分派结果已保存到./data/tmp/model_tassign.dat
2015-08-10 15:28:21,913 INFO 模型训练完成。
2015-08-10 15:31:05,782 DEBUG 载入数据......
2015-08-10 15:31:05,782 INFO 词与序号对应关系已保存到./data/tmp/wordidmap.dat
2015-08-10 15:31:06,392 DEBUG 保存模型
2015-08-10 15:31:06,392 INFO 文章-主题分布已保存到./data/tmp/model_theta.dat
2015-08-10 15:31:06,392 INFO 词-主题分布已保存到./data/tmp/model_phi.dat
2015-08-10 15:31:06,392 INFO 参数设置已保存到./data/tmp/model_parameter.dat
2015-08-10 15:31:06,392 INFO 主题topN词已保存到./data/tmp/model_twodrs.dat
2015-08-10 15:31:06,433 INFO 文章-词-主题分派结果已保存到./data/tmp/model_tassign.dat
2015-08-10 15:31:06,433 INFO 模型训练完成。
